<?xml version="1.0" encoding="UTF-8"?>
<!-- Generated by org.testng.reporters.JUnitReportReporter -->
<testsuite hostname="LAPTOP-P1BOEFGR" failures="0" tests="2" name="test.Test2" time="0.002" errors="0" timestamp="2022-08-21T00:07:21 EDT" skipped="0">
  <testcase classname="test.Test2" name="demoT2" time="0.001"/>
  <system-out/>
  <testcase classname="test.Test2" name="demoT1" time="0.001"/>
  <system-out/>
</testsuite> <!-- test.Test2 -->
